  gamelevel.c
C:\Users\stron\Documents\GitHub\CSD1401-HSCN\Src\gamelevel.c(22,48): warning C4305: 'initializing': truncation from 'double' to 'float'
C:\Users\stron\Documents\GitHub\CSD1401-HSCN\Src\gamelevel.c(60,121): warning C4244: '=': conversion from 'int' to 'float', possible loss of data
C:\Users\stron\Documents\GitHub\CSD1401-HSCN\Src\gamelevel.c(61,121): warning C4244: '=': conversion from 'int' to 'float', possible loss of data
C:\Users\stron\Documents\GitHub\CSD1401-HSCN\Src\gamelevel.c(62,119): warning C4244: '=': conversion from 'int' to 'float', possible loss of data
C:\Users\stron\Documents\GitHub\CSD1401-HSCN\Src\gamelevel.c(63,122): warning C4244: '=': conversion from 'int' to 'float', possible loss of data
C:\Users\stron\Documents\GitHub\CSD1401-HSCN\Src\gamelevel.c(64,122): warning C4244: '=': conversion from 'int' to 'float', possible loss of data
C:\Users\stron\Documents\GitHub\CSD1401-HSCN\Src\gamelevel.c(69,121): warning C4244: '=': conversion from 'int' to 'float', possible loss of data
C:\Users\stron\Documents\GitHub\CSD1401-HSCN\Src\gamelevel.c(70,120): warning C4244: '=': conversion from 'int' to 'float', possible loss of data
C:\Users\stron\Documents\GitHub\CSD1401-HSCN\Src\gamelevel.c(71,122): warning C4244: '=': conversion from 'int' to 'float', possible loss of data
C:\Users\stron\Documents\GitHub\CSD1401-HSCN\Src\gamelevel.c(72,122): warning C4244: '=': conversion from 'int' to 'float', possible loss of data
C:\Users\stron\Documents\GitHub\CSD1401-HSCN\Src\gamelevel.c(73,122): warning C4244: '=': conversion from 'int' to 'float', possible loss of data
C:\Users\stron\Documents\GitHub\CSD1401-HSCN\Src\gamelevel.c(74,122): warning C4244: '=': conversion from 'int' to 'float', possible loss of data
C:\Users\stron\Documents\GitHub\CSD1401-HSCN\Src\gamelevel.c(78,121): warning C4244: '=': conversion from 'int' to 'float', possible loss of data
C:\Users\stron\Documents\GitHub\CSD1401-HSCN\Src\gamelevel.c(79,120): warning C4244: '=': conversion from 'int' to 'float', possible loss of data
C:\Users\stron\Documents\GitHub\CSD1401-HSCN\Src\gamelevel.c(80,121): warning C4244: '=': conversion from 'int' to 'float', possible loss of data
C:\Users\stron\Documents\GitHub\CSD1401-HSCN\Src\gamelevel.c(81,120): warning C4244: '=': conversion from 'int' to 'float', possible loss of data
C:\Users\stron\Documents\GitHub\CSD1401-HSCN\Src\gamelevel.c(82,123): warning C4244: '=': conversion from 'int' to 'float', possible loss of data
C:\Users\stron\Documents\GitHub\CSD1401-HSCN\Src\gamelevel.c(122,18): warning C4244: 'function': conversion from 'double' to 'float', possible loss of data
C:\Users\stron\Documents\GitHub\CSD1401-HSCN\Src\gamelevel.c(122,24): warning C4244: 'function': conversion from 'double' to 'float', possible loss of data
C:\Users\stron\Documents\GitHub\CSD1401-HSCN\Src\gamelevel.c(152,25): warning C4244: 'function': conversion from 'int' to 'float', possible loss of data
C:\Users\stron\Documents\GitHub\CSD1401-HSCN\Src\gamelevel.c(152,33): warning C4244: 'function': conversion from 'int' to 'float', possible loss of data
C:\Users\stron\Documents\GitHub\CSD1401-HSCN\Src\gamelevel.c(152,41): warning C4244: 'function': conversion from 'int' to 'float', possible loss of data
C:\Users\stron\Documents\GitHub\CSD1401-HSCN\Src\gamelevel.c(152,67): warning C4244: 'function': conversion from 'int' to 'float', possible loss of data
C:\Users\stron\Documents\GitHub\CSD1401-HSCN\Src\gamelevel.c(169,11): warning C4244: 'function': conversion from 'double' to 'float', possible loss of data
C:\Users\stron\Documents\GitHub\CSD1401-HSCN\Src\gamelevel.c(169,17): warning C4244: 'function': conversion from 'double' to 'float', possible loss of data
C:\Users\stron\Documents\GitHub\CSD1401-HSCN\Src\gamelevel.c(171,19): warning C4244: 'function': conversion from 'double' to 'float', possible loss of data
C:\Users\stron\Documents\GitHub\CSD1401-HSCN\Src\gamelevel.c(171,25): warning C4244: 'function': conversion from 'double' to 'float', possible loss of data
C:\Users\stron\Documents\GitHub\CSD1401-HSCN\Src\gamelevel.c(190,24): warning C4047: 'function': 'CP_Sound *' differs in levels of indirection from 'CP_Sound'
C:\Users\stron\Documents\GitHub\CSD1401-HSCN\Src\gamelevel.c(190,16): warning C4024: 'CP_Sound_Free': different types for formal and actual parameter 1
C:\Users\stron\Documents\GitHub\CSD1401-HSCN\Src\gamelevel.c(191,25): warning C4047: 'function': 'CP_Sound *' differs in levels of indirection from 'CP_Sound'
C:\Users\stron\Documents\GitHub\CSD1401-HSCN\Src\gamelevel.c(191,16): warning C4024: 'CP_Sound_Free': different types for formal and actual parameter 1
C:\Users\stron\Documents\GitHub\CSD1401-HSCN\Src\gamelevel.c(192,25): warning C4047: 'function': 'CP_Sound *' differs in levels of indirection from 'CP_Sound'
C:\Users\stron\Documents\GitHub\CSD1401-HSCN\Src\gamelevel.c(192,16): warning C4024: 'CP_Sound_Free': different types for formal and actual parameter 1
C:\Users\stron\Documents\GitHub\CSD1401-HSCN\Src\gamelevel.c(216,70): warning C4244: 'function': conversion from 'float' to 'int', possible loss of data
C:\Users\stron\Documents\GitHub\CSD1401-HSCN\Src\gamelevel.c(252,24): warning C4244: 'function': conversion from 'int' to 'float', possible loss of data
C:\Users\stron\Documents\GitHub\CSD1401-HSCN\Src\gamelevel.c(257,22): warning C4244: '=': conversion from 'double' to 'float', possible loss of data
C:\Users\stron\Documents\GitHub\CSD1401-HSCN\Src\gamelevel.c(426,37): warning C4244: 'function': conversion from 'int' to 'float', possible loss of data
C:\Users\stron\Documents\GitHub\CSD1401-HSCN\Src\gamelevel.c(426,70): warning C4244: 'function': conversion from 'int' to 'float', possible loss of data
C:\Users\stron\Documents\GitHub\CSD1401-HSCN\Src\gamelevel.c(427,55): warning C4244: 'function': conversion from 'int' to 'float', possible loss of data
C:\Users\stron\Documents\GitHub\CSD1401-HSCN\Src\gamelevel.c(427,92): warning C4244: 'function': conversion from 'int' to 'float', possible loss of data
C:\Users\stron\Documents\GitHub\CSD1401-HSCN\Src\gamelevel.c(452,36): warning C4244: 'function': conversion from 'int' to 'float', possible loss of data
C:\Users\stron\Documents\GitHub\CSD1401-HSCN\Src\gamelevel.c(452,68): warning C4244: 'function': conversion from 'int' to 'float', possible loss of data
C:\Users\stron\Documents\GitHub\CSD1401-HSCN\Src\gamelevel.c(453,55): warning C4244: 'function': conversion from 'int' to 'float', possible loss of data
C:\Users\stron\Documents\GitHub\CSD1401-HSCN\Src\gamelevel.c(453,92): warning C4244: 'function': conversion from 'int' to 'float', possible loss of data
C:\Users\stron\Documents\GitHub\CSD1401-HSCN\Src\gamelevel.c(469,35): warning C4244: 'function': conversion from 'int' to 'float', possible loss of data
C:\Users\stron\Documents\GitHub\CSD1401-HSCN\Src\gamelevel.c(469,66): warning C4244: 'function': conversion from 'int' to 'float', possible loss of data
C:\Users\stron\Documents\GitHub\CSD1401-HSCN\Src\gamelevel.c(488,37): warning C4305: 'initializing': truncation from 'double' to 'float'
C:\Users\stron\Documents\GitHub\CSD1401-HSCN\Src\gamelevel.c(515,40): warning C4244: 'function': conversion from 'int' to 'float', possible loss of data
C:\Users\stron\Documents\GitHub\CSD1401-HSCN\Src\gamelevel.c(515,58): warning C4244: 'function': conversion from 'int' to 'float', possible loss of data
C:\Users\stron\Documents\GitHub\CSD1401-HSCN\Src\gamelevel.c(515,96): warning C4244: 'function': conversion from 'float' to 'int', possible loss of data
C:\Users\stron\Documents\GitHub\CSD1401-HSCN\Src\gamelevel.c(516,40): warning C4244: 'function': conversion from 'int' to 'float', possible loss of data
C:\Users\stron\Documents\GitHub\CSD1401-HSCN\Src\gamelevel.c(516,57): warning C4244: 'function': conversion from 'int' to 'float', possible loss of data
C:\Users\stron\Documents\GitHub\CSD1401-HSCN\Src\gamelevel.c(516,95): warning C4244: 'function': conversion from 'float' to 'int', possible loss of data
C:\Users\stron\Documents\GitHub\CSD1401-HSCN\Src\gamelevel.c(517,37): warning C4244: 'function': conversion from 'int' to 'float', possible loss of data
C:\Users\stron\Documents\GitHub\CSD1401-HSCN\Src\gamelevel.c(517,54): warning C4244: 'function': conversion from 'int' to 'float', possible loss of data
C:\Users\stron\Documents\GitHub\CSD1401-HSCN\Src\gamelevel.c(526,26): warning C4244: '+=': conversion from 'float' to 'int', possible loss of data
C:\Users\stron\Documents\GitHub\CSD1401-HSCN\Src\gamelevel.c(530,26): warning C4244: '+=': conversion from 'float' to 'int', possible loss of data
C:\Users\stron\Documents\GitHub\CSD1401-HSCN\Src\gamelevel.c(534,26): warning C4244: '+=': conversion from 'float' to 'int', possible loss of data
C:\Users\stron\Documents\GitHub\CSD1401-HSCN\Src\gamelevel.c(548,32): warning C4244: 'function': conversion from 'int' to 'float', possible loss of data
C:\Users\stron\Documents\GitHub\CSD1401-HSCN\Src\gamelevel.c(548,44): warning C4244: 'function': conversion from 'int' to 'float', possible loss of data
C:\Users\stron\Documents\GitHub\CSD1401-HSCN\Src\gamelevel.c(548,53): warning C4244: 'function': conversion from 'double' to 'float', possible loss of data
C:\Users\stron\Documents\GitHub\CSD1401-HSCN\Src\gamelevel.c(548,59): warning C4244: 'function': conversion from 'double' to 'float', possible loss of data
C:\Users\stron\Documents\GitHub\CSD1401-HSCN\Src\gamelevel.c(548,65): warning C4244: 'function': conversion from 'int' to 'float', possible loss of data
C:\Users\stron\Documents\GitHub\CSD1401-HSCN\Src\gamelevel.c(548,75): warning C4244: 'function': conversion from 'int' to 'float', possible loss of data
C:\Users\stron\Documents\GitHub\CSD1401-HSCN\Src\gamelevel.c(553,36): warning C4244: 'function': conversion from 'int' to 'float', possible loss of data
C:\Users\stron\Documents\GitHub\CSD1401-HSCN\Src\gamelevel.c(553,48): warning C4244: 'function': conversion from 'int' to 'float', possible loss of data
C:\Users\stron\Documents\GitHub\CSD1401-HSCN\Src\gamelevel.c(561,36): warning C4244: 'function': conversion from 'int' to 'float', possible loss of data
C:\Users\stron\Documents\GitHub\CSD1401-HSCN\Src\gamelevel.c(561,48): warning C4244: 'function': conversion from 'int' to 'float', possible loss of data
C:\Users\stron\Documents\GitHub\CSD1401-HSCN\Src\gamelevel.c(585,33): warning C4244: 'function': conversion from 'int' to 'float', possible loss of data
C:\Users\stron\Documents\GitHub\CSD1401-HSCN\Src\gamelevel.c(585,45): warning C4244: 'function': conversion from 'int' to 'float', possible loss of data
C:\Users\stron\Documents\GitHub\CSD1401-HSCN\Src\gamelevel.c(587,31): warning C4244: '=': conversion from 'float' to 'int', possible loss of data
C:\Users\stron\Documents\GitHub\CSD1401-HSCN\Src\gamelevel.c(591,33): warning C4244: 'function': conversion from 'int' to 'float', possible loss of data
C:\Users\stron\Documents\GitHub\CSD1401-HSCN\Src\gamelevel.c(591,45): warning C4244: 'function': conversion from 'int' to 'float', possible loss of data
C:\Users\stron\Documents\GitHub\CSD1401-HSCN\Src\gamelevel.c(593,31): warning C4244: '=': conversion from 'float' to 'int', possible loss of data
C:\Users\stron\Documents\GitHub\CSD1401-HSCN\Src\gamelevel.c(597,33): warning C4244: 'function': conversion from 'int' to 'float', possible loss of data
C:\Users\stron\Documents\GitHub\CSD1401-HSCN\Src\gamelevel.c(597,45): warning C4244: 'function': conversion from 'int' to 'float', possible loss of data
C:\Users\stron\Documents\GitHub\CSD1401-HSCN\Src\gamelevel.c(618,31): warning C4244: 'function': conversion from 'int' to 'float', possible loss of data
C:\Users\stron\Documents\GitHub\CSD1401-HSCN\Src\gamelevel.c(618,43): warning C4244: 'function': conversion from 'int' to 'float', possible loss of data
C:\Users\stron\Documents\GitHub\CSD1401-HSCN\Src\gamelevel.c(618,51): warning C4244: 'function': conversion from 'double' to 'float', possible loss of data
C:\Users\stron\Documents\GitHub\CSD1401-HSCN\Src\gamelevel.c(618,57): warning C4244: 'function': conversion from 'double' to 'float', possible loss of data
C:\Users\stron\Documents\GitHub\CSD1401-HSCN\Src\gamelevel.c(618,63): warning C4244: 'function': conversion from 'int' to 'float', possible loss of data
C:\Users\stron\Documents\GitHub\CSD1401-HSCN\Src\gamelevel.c(618,73): warning C4244: 'function': conversion from 'int' to 'float', possible loss of data
C:\Users\stron\Documents\GitHub\CSD1401-HSCN\Src\gamelevel.c(627,31): warning C4244: 'function': conversion from 'int' to 'float', possible loss of data
C:\Users\stron\Documents\GitHub\CSD1401-HSCN\Src\gamelevel.c(627,43): warning C4244: 'function': conversion from 'int' to 'float', possible loss of data
C:\Users\stron\Documents\GitHub\CSD1401-HSCN\Src\gamelevel.c(627,51): warning C4244: 'function': conversion from 'double' to 'float', possible loss of data
C:\Users\stron\Documents\GitHub\CSD1401-HSCN\Src\gamelevel.c(627,57): warning C4244: 'function': conversion from 'double' to 'float', possible loss of data
C:\Users\stron\Documents\GitHub\CSD1401-HSCN\Src\gamelevel.c(627,63): warning C4244: 'function': conversion from 'int' to 'float', possible loss of data
C:\Users\stron\Documents\GitHub\CSD1401-HSCN\Src\gamelevel.c(627,73): warning C4244: 'function': conversion from 'int' to 'float', possible loss of data
C:\Users\stron\Documents\GitHub\CSD1401-HSCN\Src\gamelevel.c(636,31): warning C4244: 'function': conversion from 'int' to 'float', possible loss of data
C:\Users\stron\Documents\GitHub\CSD1401-HSCN\Src\gamelevel.c(636,43): warning C4244: 'function': conversion from 'int' to 'float', possible loss of data
C:\Users\stron\Documents\GitHub\CSD1401-HSCN\Src\gamelevel.c(636,51): warning C4244: 'function': conversion from 'double' to 'float', possible loss of data
C:\Users\stron\Documents\GitHub\CSD1401-HSCN\Src\gamelevel.c(636,57): warning C4244: 'function': conversion from 'double' to 'float', possible loss of data
C:\Users\stron\Documents\GitHub\CSD1401-HSCN\Src\gamelevel.c(636,63): warning C4244: 'function': conversion from 'int' to 'float', possible loss of data
C:\Users\stron\Documents\GitHub\CSD1401-HSCN\Src\gamelevel.c(636,73): warning C4244: 'function': conversion from 'int' to 'float', possible loss of data
C:\Users\stron\Documents\GitHub\CSD1401-HSCN\Src\gamelevel.c(657,25): warning C4244: 'function': conversion from 'int' to 'float', possible loss of data
C:\Users\stron\Documents\GitHub\CSD1401-HSCN\Src\gamelevel.c(657,33): warning C4244: 'function': conversion from 'int' to 'float', possible loss of data
C:\Users\stron\Documents\GitHub\CSD1401-HSCN\Src\gamelevel.c(664,25): warning C4244: 'function': conversion from 'int' to 'float', possible loss of data
C:\Users\stron\Documents\GitHub\CSD1401-HSCN\Src\gamelevel.c(664,33): warning C4244: 'function': conversion from 'int' to 'float', possible loss of data
C:\Users\stron\Documents\GitHub\CSD1401-HSCN\Src\gamelevel.c(671,25): warning C4244: 'function': conversion from 'int' to 'float', possible loss of data
C:\Users\stron\Documents\GitHub\CSD1401-HSCN\Src\gamelevel.c(671,33): warning C4244: 'function': conversion from 'int' to 'float', possible loss of data
C:\Users\stron\Documents\GitHub\CSD1401-HSCN\Src\gamelevel.c(677,24): warning C4244: 'function': conversion from 'int' to 'float', possible loss of data
C:\Users\stron\Documents\GitHub\CSD1401-HSCN\Src\gamelevel.c(677,32): warning C4244: 'function': conversion from 'int' to 'float', possible loss of data
C:\Users\stron\Documents\GitHub\CSD1401-HSCN\Src\gamelevel.c(741,32): warning C4047: ':': 'int' differs in levels of indirection from 'void *'
C:\Users\stron\Documents\GitHub\CSD1401-HSCN\Src\gamelevel.c(782,27): warning C4244: '=': conversion from 'int' to 'float', possible loss of data
C:\Users\stron\Documents\GitHub\CSD1401-HSCN\Src\gamelevel.c(789,27): warning C4244: '=': conversion from 'int' to 'float', possible loss of data
C:\Users\stron\Documents\GitHub\CSD1401-HSCN\Src\gamelevel.c(795,27): warning C4244: '=': conversion from 'int' to 'float', possible loss of data
  mainmenu.c
C:\Users\stron\Documents\GitHub\CSD1401-HSCN\Src\mainmenu.c(37,42): warning C4244: 'function': conversion from 'int' to 'float', possible loss of data
C:\Users\stron\Documents\GitHub\CSD1401-HSCN\Src\mainmenu.c(37,73): warning C4244: 'function': conversion from 'int' to 'float', possible loss of data
C:\Users\stron\Documents\GitHub\CSD1401-HSCN\Src\mainmenu.c(38,41): warning C4244: 'function': conversion from 'int' to 'float', possible loss of data
C:\Users\stron\Documents\GitHub\CSD1401-HSCN\Src\mainmenu.c(38,66): warning C4244: 'function': conversion from 'int' to 'float', possible loss of data
C:\Users\stron\Documents\GitHub\CSD1401-HSCN\Src\mainmenu.c(39,47): warning C4244: 'function': conversion from 'int' to 'float', possible loss of data
C:\Users\stron\Documents\GitHub\CSD1401-HSCN\Src\mainmenu.c(39,77): warning C4244: 'function': conversion from 'int' to 'float', possible loss of data
C:\Users\stron\Documents\GitHub\CSD1401-HSCN\Src\mainmenu.c(40,45): warning C4244: 'function': conversion from 'int' to 'float', possible loss of data
C:\Users\stron\Documents\GitHub\CSD1401-HSCN\Src\mainmenu.c(40,73): warning C4244: 'function': conversion from 'int' to 'float', possible loss of data
C:\Users\stron\Documents\GitHub\CSD1401-HSCN\Src\mainmenu.c(21,43): warning C4244: 'initializing': conversion from 'int' to 'float', possible loss of data
C:\Users\stron\Documents\GitHub\CSD1401-HSCN\Src\mainmenu.c(22,44): warning C4244: 'initializing': conversion from 'int' to 'float', possible loss of data
C:\Users\stron\Documents\GitHub\CSD1401-HSCN\Src\mainmenu.c(49,37): warning C4244: 'function': conversion from 'int' to 'float', possible loss of data
C:\Users\stron\Documents\GitHub\CSD1401-HSCN\Src\mainmenu.c(49,68): warning C4244: 'function': conversion from 'int' to 'float', possible loss of data
C:\Users\stron\Documents\GitHub\CSD1401-HSCN\Src\mainmenu.c(51,42): warning C4244: 'function': conversion from 'int' to 'float', possible loss of data
C:\Users\stron\Documents\GitHub\CSD1401-HSCN\Src\mainmenu.c(51,73): warning C4244: 'function': conversion from 'int' to 'float', possible loss of data
C:\Users\stron\Documents\GitHub\CSD1401-HSCN\Src\mainmenu.c(52,41): warning C4244: 'function': conversion from 'int' to 'float', possible loss of data
C:\Users\stron\Documents\GitHub\CSD1401-HSCN\Src\mainmenu.c(52,66): warning C4244: 'function': conversion from 'int' to 'float', possible loss of data
C:\Users\stron\Documents\GitHub\CSD1401-HSCN\Src\mainmenu.c(53,47): warning C4244: 'function': conversion from 'int' to 'float', possible loss of data
C:\Users\stron\Documents\GitHub\CSD1401-HSCN\Src\mainmenu.c(53,77): warning C4244: 'function': conversion from 'int' to 'float', possible loss of data
C:\Users\stron\Documents\GitHub\CSD1401-HSCN\Src\mainmenu.c(54,45): warning C4244: 'function': conversion from 'int' to 'float', possible loss of data
C:\Users\stron\Documents\GitHub\CSD1401-HSCN\Src\mainmenu.c(54,73): warning C4244: 'function': conversion from 'int' to 'float', possible loss of data
C:\Users\stron\Documents\GitHub\CSD1401-HSCN\Src\mainmenu.c(44,43): warning C4244: 'initializing': conversion from 'int' to 'float', possible loss of data
C:\Users\stron\Documents\GitHub\CSD1401-HSCN\Src\mainmenu.c(45,44): warning C4244: 'initializing': conversion from 'int' to 'float', possible loss of data
C:\Users\stron\Documents\GitHub\CSD1401-HSCN\Src\mainmenu.c(67,43): warning C4244: 'initializing': conversion from 'int' to 'float', possible loss of data
C:\Users\stron\Documents\GitHub\CSD1401-HSCN\Src\mainmenu.c(68,44): warning C4244: 'initializing': conversion from 'int' to 'float', possible loss of data
C:\Users\stron\Documents\GitHub\CSD1401-HSCN\Src\mainmenu.c(149,43): warning C4244: 'initializing': conversion from 'int' to 'float', possible loss of data
C:\Users\stron\Documents\GitHub\CSD1401-HSCN\Src\mainmenu.c(150,44): warning C4244: 'initializing': conversion from 'int' to 'float', possible loss of data
  Generating Code...
  CProject.vcxproj -> C:\Users\stron\Documents\GitHub\CSD1401-HSCN\bin\Debug-x64\CProject.exe
  1 File(s) copied
  1 File(s) copied
  42 File(s) copied
